<?xml version="1.0" encoding="UTF-8"?>
<testng-results ignored="0" total="1" passed="1" failed="0" skipped="0">
  <reporter-output>
  </reporter-output>
  <suite started-at="2025-03-21T19:10:45 GMT" name="Cucumber Parallel Suite" finished-at="2025-03-21T19:11:12 GMT" duration-ms="26916">
    <groups>
      <group name="cucumber">
        <method signature="AbstractTestNGCucumberTests.runScenario(io.cucumber.testng.PickleWrapper,io.cucumber.testng.FeatureWrapper)[pri:0, instance:runner.TestRunner@5f8e8a9d]" name="runScenario" class="io.cucumber.testng.AbstractTestNGCucumberTests"/>
      </group> <!-- cucumber -->
    </groups>
    <test started-at="2025-03-21T19:10:45 GMT" name="Cucumber Tests" finished-at="2025-03-21T19:11:12 GMT" duration-ms="26916">
      <class name="runner.TestRunner">
        <test-method is-config="true" signature="setUpClass(org.testng.ITestContext)[pri:0, instance:runner.TestRunner@5f8e8a9d]" started-at="2025-03-21T19:10:45 GMT" name="setUpClass" finished-at="2025-03-21T19:10:46 GMT" duration-ms="1125" status="PASS">
          <params>
            <param index="0">
              <value>
                <![CDATA[org.testng.TestRunner@42e25b0b]]>
              </value>
            </param>
          </params>
          <reporter-output>
          </reporter-output>
        </test-method> <!-- setUpClass -->
        <test-method signature="runScenario(io.cucumber.testng.PickleWrapper,io.cucumber.testng.FeatureWrapper)[pri:0, instance:runner.TestRunner@5f8e8a9d]" started-at="2025-03-21T19:10:46 GMT" name="runScenario" description="Runs Cucumber Scenarios" data-provider="scenarios" finished-at="2025-03-21T19:11:10 GMT" duration-ms="23812" status="PASS">
          <params>
            <param index="0">
              <value>
                <![CDATA["TC_001 User should be able to sign in to GitHub"]]>
              </value>
            </param>
            <param index="1">
              <value>
                <![CDATA["Create a new repository on GitHub"]]>
              </value>
            </param>
          </params>
          <reporter-output>
          </reporter-output>
        </test-method> <!-- runScenario -->
        <test-method is-config="true" signature="tearDownClass()[pri:0, instance:runner.TestRunner@5f8e8a9d]" started-at="2025-03-21T19:11:10 GMT" name="tearDownClass" finished-at="2025-03-21T19:11:12 GMT" duration-ms="1924" status="PASS">
          <reporter-output>
          </reporter-output>
        </test-method> <!-- tearDownClass -->
      </class> <!-- runner.TestRunner -->
    </test> <!-- Cucumber Tests -->
  </suite> <!-- Cucumber Parallel Suite -->
</testng-results>
